src/Pokemon/app/build/intermediates/manifest_merge_blame_file/debug/manifest-merger-blame-debug-report.txt
1<?xml version="1.0" encoding="utf-8"?>
2<manifest xmlns:android="http://schemas.android.com/apk/res/android"
3    package="com.example.pokemonselector2"
4    android:versionCode="1"
5    android:versionName="1.0" >
6
7    <uses-sdk
8        android:minSdkVersion="21"
8-->src/main/AndroidManifest.xml
9        android:targetSdkVersion="29" />
9-->src/main/AndroidManifest.xml
10
11    <application
11-->src/main/AndroidManifest.xml:5:5-44:19
12        android:allowBackup="true"
12-->src/main/AndroidManifest.xml:6:9-35
13        android:appComponentFactory="androidx.core.app.CoreComponentFactory"
13-->[androidx.core:core:1.1.0] AndroidManifest.xml:24:18-86
14        android:debuggable="true"
15        android:icon="@mipmap/ic_launcher"
15-->src/main/AndroidManifest.xml:7:9-43
16        android:label="@string/app_name"
16-->src/main/AndroidManifest.xml:8:9-41
17        android:roundIcon="@mipmap/ic_launcher_round"
17-->src/main/AndroidManifest.xml:9:9-54
18        android:supportsRtl="true"
18-->src/main/AndroidManifest.xml:10:9-35
19        android:testOnly="true"
20        android:theme="@style/AppTheme" >
20-->src/main/AndroidManifest.xml:11:9-40
21        <activity android:name="com.example.pokemonselector2.Catch" />
21-->src/main/AndroidManifest.xml:13:9-43
21-->src/main/AndroidManifest.xml:13:19-40
22        <activity android:name="com.example.pokemonselector2.Player2Winner" />
22-->src/main/AndroidManifest.xml:14:9-51
22-->src/main/AndroidManifest.xml:14:19-48
23        <activity android:name="com.example.pokemonselector2.Player1Winner" />
23-->src/main/AndroidManifest.xml:15:9-51
23-->src/main/AndroidManifest.xml:15:19-48
24        <activity android:name="com.example.pokemonselector2.Test" />
24-->src/main/AndroidManifest.xml:16:9-42
24-->src/main/AndroidManifest.xml:16:19-39
25        <activity android:name="com.example.pokemonselector2.AboutUs" />
25-->src/main/AndroidManifest.xml:17:9-45
25-->src/main/AndroidManifest.xml:17:19-42
26        <activity android:name="com.example.pokemonselector2.MainActivity" />
26-->src/main/AndroidManifest.xml:18:9-50
26-->src/main/AndroidManifest.xml:18:19-47
27        <activity android:name="com.example.pokemonselector2.Battle_Arena_GUI" />
27-->src/main/AndroidManifest.xml:19:9-54
27-->src/main/AndroidManifest.xml:19:19-51
28        <activity
28-->src/main/AndroidManifest.xml:20:9-21:52
29            android:name="com.example.pokemonselector2.OnixClass"
29-->src/main/AndroidManifest.xml:20:19-44
30            android:theme="@style/AppTheme.PopMe" />
30-->src/main/AndroidManifest.xml:21:13-50
31        <activity
31-->src/main/AndroidManifest.xml:22:9-24:53
32            android:name="com.example.pokemonselector2.DratiniClass"
32-->src/main/AndroidManifest.xml:23:13-41
33            android:theme="@style/AppTheme.PopMe" />
33-->src/main/AndroidManifest.xml:24:13-50
34        <activity
34-->src/main/AndroidManifest.xml:25:9-27:53
35            android:name="com.example.pokemonselector2.SnorlaxClass"
35-->src/main/AndroidManifest.xml:26:13-41
36            android:theme="@style/AppTheme.PopMe" />
36-->src/main/AndroidManifest.xml:27:13-50
37        <activity
37-->src/main/AndroidManifest.xml:28:9-30:53
38            android:name="com.example.pokemonselector2.EeveeClass"
38-->src/main/AndroidManifest.xml:29:13-39
39            android:theme="@style/AppTheme.PopMe" />
39-->src/main/AndroidManifest.xml:30:13-50
40        <activity
40-->src/main/AndroidManifest.xml:31:9-33:53
41            android:name="com.example.pokemonselector2.AbraClass"
41-->src/main/AndroidManifest.xml:32:13-38
42            android:theme="@style/AppTheme.PopMe" />
42-->src/main/AndroidManifest.xml:33:13-50
43        <activity
43-->src/main/AndroidManifest.xml:34:9-36:53
44            android:name="com.example.pokemonselector2.MudKipClass"
44-->src/main/AndroidManifest.xml:35:13-40
45            android:theme="@style/AppTheme.PopMe" />
45-->src/main/AndroidManifest.xml:36:13-50
46        <activity android:name="com.example.pokemonselector2.HomeScreen" >
46-->src/main/AndroidManifest.xml:37:9-43:20
46-->src/main/AndroidManifest.xml:37:19-45
47            <intent-filter>
47-->src/main/AndroidManifest.xml:38:13-42:29
48                <action android:name="android.intent.action.MAIN" />
48-->src/main/AndroidManifest.xml:39:17-69
48-->src/main/AndroidManifest.xml:39:25-66
49
50                <category android:name="android.intent.category.LAUNCHER" />
50-->src/main/AndroidManifest.xml:41:17-77
50-->src/main/AndroidManifest.xml:41:27-74
51            </intent-filter>
52        </activity>
53    </application>
54
55</manifest>